<?xml version="1.0" encoding="UTF-8"?>
<testng-results ignored="0" total="1" passed="1" failed="0" skipped="0">
  <reporter-output>
  </reporter-output>
  <suite started-at="2024-02-05T07:19:27 EST" name="Default suite" finished-at="2024-02-05T07:20:43 EST" duration-ms="75932">
    <groups>
    </groups>
    <test started-at="2024-02-05T07:19:27 EST" name="Default test" finished-at="2024-02-05T07:20:43 EST" duration-ms="75932">
      <class name="test.AddCustomerTest">
        <test-method signature="userShouldBeAbleToCreatNewCustomer()[pri:0, instance:test.AddCustomerTest@47db5fa5]" started-at="2024-02-05T07:19:27 EST" name="userShouldBeAbleToCreatNewCustomer" finished-at="2024-02-05T07:20:43 EST" duration-ms="75887" status="PASS">
          <reporter-output>
          </reporter-output>
        </test-method> <!-- userShouldBeAbleToCreatNewCustomer -->
      </class> <!-- test.AddCustomerTest -->
    </test> <!-- Default test -->
  </suite> <!-- Default suite -->
</testng-results>
